<?xml version="1.0" encoding="UTF-8"?>
<testng-results ignored="0" total="1" passed="1" failed="0" skipped="0">
  <reporter-output>
    <line>
      <![CDATA[Launching browser..]]>
    </line>
    <line>
      <![CDATA[Waiting..]]>
    </line>
    <line>
      <![CDATA[Clicking on Gender Button]]>
    </line>
    <line>
      <![CDATA[Clicking on Next Button]]>
    </line>
    <line>
      <![CDATA[Handling on age Dropdown]]>
    </line>
    <line>
      <![CDATA[Clicking on Next Button]]>
    </line>
    <line>
      <![CDATA[Entering Mobile no]]>
    </line>
  </reporter-output>
  <suite started-at="2024-11-10T23:24:36 IST" name="Default suite" finished-at="2024-11-10T23:25:19 IST" duration-ms="43611">
    <groups>
    </groups>
    <test started-at="2024-11-10T23:24:36 IST" name="Default test" finished-at="2024-11-10T23:25:19 IST" duration-ms="43611">
      <class name="coverFoxTest.TC12345_CoverFox_ValidateErrorMsgs">
        <test-method is-config="true" signature="openApplication()[pri:0, instance:coverFoxTest.TC12345_CoverFox_ValidateErrorMsgs@75d4a5c2]" started-at="2024-11-10T23:24:36 IST" name="openApplication" finished-at="2024-11-10T23:25:19 IST" duration-ms="43266" status="PASS">
          <reporter-output>
            <line>
              <![CDATA[Launching browser..]]>
            </line>
            <line>
              <![CDATA[Waiting..]]>
            </line>
            <line>
              <![CDATA[Clicking on Gender Button]]>
            </line>
            <line>
              <![CDATA[Clicking on Next Button]]>
            </line>
            <line>
              <![CDATA[Handling on age Dropdown]]>
            </line>
            <line>
              <![CDATA[Clicking on Next Button]]>
            </line>
          </reporter-output>
        </test-method> <!-- openApplication -->
        <test-method signature="validatePinCodeErrorMsg()[pri:0, instance:coverFoxTest.TC12345_CoverFox_ValidateErrorMsgs@75d4a5c2]" started-at="2024-11-10T23:25:19 IST" name="validatePinCodeErrorMsg" finished-at="2024-11-10T23:25:19 IST" duration-ms="268" status="PASS">
          <reporter-output>
            <line>
              <![CDATA[Entering Mobile no]]>
            </line>
          </reporter-output>
        </test-method> <!-- validatePinCodeErrorMsg -->
      </class> <!-- coverFoxTest.TC12345_CoverFox_ValidateErrorMsgs -->
    </test> <!-- Default test -->
  </suite> <!-- Default suite -->
</testng-results>
